<?xml version="1.0" encoding="UTF-8"?>
<!-- Generated by org.testng.reporters.JUnitReportReporter -->
<testsuite skipped="1" hostname="Roy-Mark1991" name="dropDown.HandleDynamicTable" tests="3" failures="0" timestamp="2022-12-28T20:26:46 EST" time="3.960" errors="0">
  <testcase name="init" time="3.341" classname="dropDown.HandleDynamicTable"/>
  <system-out/>
  <testcase name="handlingDynamicTable" time="0.619" classname="dropDown.HandleDynamicTable"/>
  <system-out/>
  <testcase name="tearDown" classname="dropDown.HandleDynamicTable">
    <skipped/>
  </testcase> <!-- tearDown -->
  <system-out/>
</testsuite> <!-- dropDown.HandleDynamicTable -->
