<?xml version="1.0" encoding="UTF-8"?>
<!-- Generated by org.testng.reporters.JUnitReportReporter -->
<testsuite skipped="0" hostname="Roy-Mark1991" name="propertiesfile.Properties_file" tests="1" failures="0" timestamp="2023-02-11T20:25:56 EST" time="0.006" errors="0">
  <testcase name="getData" time="0.006" classname="propertiesfile.Properties_file"/>
  <system-out/>
</testsuite> <!-- propertiesfile.Properties_file -->
