<?xml version="1.0" encoding="UTF-8"?>
<!-- Generated by org.testng.reporters.JUnitReportReporter -->
<testsuite skipped="0" hostname="Roy-Mark1991" name="dropDown.HandleAWebTable" tests="2" failures="0" timestamp="2022-12-14T22:07:57 EST" time="8.870" errors="0">
  <testcase name="init" time="8.052" classname="dropDown.HandleAWebTable"/>
  <system-out/>
  <testcase name="captureTableData" time="0.818" classname="dropDown.HandleAWebTable"/>
  <system-out/>
</testsuite> <!-- dropDown.HandleAWebTable -->
