<?xml version="1.0" encoding="UTF-8"?>
<!-- Generated by org.testng.reporters.JUnitReportReporter -->
<testsuite skipped="1" hostname="Roy-Mark1991" name="launchBrowser.LaunchBrowser" tests="3" failures="0" timestamp="2022-12-13T20:02:42 EST" time="3.009" errors="0">
  <testcase name="showSearchsuggetion" time="0.264" classname="launchBrowser.LaunchBrowser"/>
  <system-out/>
  <testcase name="init" time="2.745" classname="launchBrowser.LaunchBrowser"/>
  <system-out/>
  <testcase name="tearDown" classname="launchBrowser.LaunchBrowser">
    <skipped/>
  </testcase> <!-- tearDown -->
  <system-out/>
</testsuite> <!-- launchBrowser.LaunchBrowser -->
