<?xml version="1.0" encoding="UTF-8"?>
<!-- Generated by org.testng.reporters.JUnitReportReporter -->
<testsuite skipped="1" hostname="Roy-Mark1991" name="Redo_launchBrowser.CaptureAutoSuggetionList" tests="3" failures="0" timestamp="2022-12-15T13:58:25 EST" time="3.650" errors="0">
  <testcase name="init" time="3.589" classname="Redo_launchBrowser.CaptureAutoSuggetionList"/>
  <system-out/>
  <testcase name="captureAllOptions" time="0.061" classname="Redo_launchBrowser.CaptureAutoSuggetionList"/>
  <system-out/>
  <testcase name="tearDown" classname="Redo_launchBrowser.CaptureAutoSuggetionList">
    <skipped/>
  </testcase> <!-- tearDown -->
  <system-out/>
</testsuite> <!-- Redo_launchBrowser.CaptureAutoSuggetionList -->
