<?xml version="1.0" encoding="UTF-8"?>
<!-- Generated by org.testng.reporters.JUnitReportReporter -->
<testsuite skipped="0" hostname="Roy-Mark1991" name="rahulshetty.Windows_activities" tests="1" failures="0" timestamp="2022-12-29T21:13:04 EST" time="16.105" errors="0">
  <testcase name="winodwActivities" time="16.105" classname="rahulshetty.Windows_activities"/>
  <system-out/>
</testsuite> <!-- rahulshetty.Windows_activities -->
