<?xml version="1.0" encoding="UTF-8"?>
<!-- Generated by org.testng.reporters.JUnitReportReporter -->
<testsuite skipped="0" hostname="Roy-Mark1991" name="dropDown.Drop_Down2" tests="2" failures="0" timestamp="2023-02-10T14:19:50 EST" time="6.623" errors="0">
  <testcase name="init" time="3.882" classname="dropDown.Drop_Down2"/>
  <system-out/>
  <testcase name="captureDropdownOption" time="2.741" classname="dropDown.Drop_Down2"/>
  <system-out/>
</testsuite> <!-- dropDown.Drop_Down2 -->
