<?xml version="1.0" encoding="UTF-8"?>
<!-- Generated by org.testng.reporters.JUnitReportReporter -->
<testsuite skipped="2" hostname="Roy-Mark1991" name="dropDown.Drop_Down" tests="3" failures="0" timestamp="2023-01-31T14:39:43 EST" time="5.582" errors="0">
  <testcase name="init" time="5.582" classname="dropDown.Drop_Down"/>
  <system-out/>
  <testcase name="tearDown" classname="dropDown.Drop_Down">
    <skipped/>
  </testcase> <!-- tearDown -->
  <system-out/>
  <testcase name="captureDropdownOption" classname="dropDown.Drop_Down">
    <skipped/>
  </testcase> <!-- captureDropdownOption -->
  <system-out/>
</testsuite> <!-- dropDown.Drop_Down -->
