<?xml version="1.0" encoding="UTF-8"?>
<!-- Generated by org.testng.reporters.JUnitReportReporter -->
<testsuite skipped="0" hostname="Roy-Mark1991" name="rahul_DropDown.DropDown" tests="1" failures="0" timestamp="2022-12-31T22:19:35 EST" time="8.178" errors="0">
  <testcase name="dropDown" time="8.178" classname="rahul_DropDown.DropDown"/>
  <system-out/>
</testsuite> <!-- rahul_DropDown.DropDown -->
